<?xml version="1.0" encoding="UTF-8"?>
<!-- Generated by org.testng.reporters.JUnitReportReporter -->
<testsuite hostname="LAPTOP-KEA360UQ" failures="0" tests="4" name="org.exe.TC01_LoginPage" time="10.057" errors="0" timestamp="24 Jul 2024 04:39:48 GMT">
  <testcase classname="org.exe.TC01_LoginPage" name="validateLoginCred" time="1.202"/>
  <testcase classname="org.exe.TC01_LoginPage" name="userIsInSearchHotelPage" time="0.110"/>
  <testcase classname="org.exe.TC01_LoginPage" name="validatePage" time="0.616"/>
  <testcase classname="org.exe.TC01_LoginPage" name="validateBrowserLaunch" time="8.129"/>
</testsuite> <!-- org.exe.TC01_LoginPage -->
