<?xml version="1.0" encoding="UTF-8"?>
<!-- Generated by org.testng.reporters.JUnitReportReporter -->
<testsuite hostname="LAPTOP-KEA360UQ" failures="0" tests="7" name="org.exe.TC04_ValidatePaymentPage" time="2.559" errors="0" timestamp="24 Jul 2024 04:39:48 GMT">
  <testcase classname="org.exe.TC04_ValidatePaymentPage" name="validateLoginCred" time="0.051"/>
  <testcase classname="org.exe.TC04_ValidatePaymentPage" name="validate_Continue" time="0.015"/>
  <testcase classname="org.exe.TC04_ValidatePaymentPage" name="validatePage" time="0.041"/>
  <testcase classname="org.exe.TC04_ValidatePaymentPage" name="validateBrowserLaunch" time="2.340"/>
  <testcase classname="org.exe.TC04_ValidatePaymentPage" name="validate_Conf" time="0.050"/>
  <testcase classname="org.exe.TC04_ValidatePaymentPage" name="userIsInSearchHotelPage" time="0.040"/>
  <testcase classname="org.exe.TC04_ValidatePaymentPage" name="validate_SearchHotelPage" time="0.022"/>
</testsuite> <!-- org.exe.TC04_ValidatePaymentPage -->
