<?xml version="1.0" encoding="UTF-8"?>
<!-- Generated by org.testng.reporters.JUnitReportReporter -->
<testsuite hostname="LAPTOP-KEA360UQ" failures="0" tests="5" name="org.exe.TC02_SearchHotelPage" time="9.345" errors="0" timestamp="24 Jul 2024 04:39:48 GMT">
  <testcase classname="org.exe.TC02_SearchHotelPage" name="validatePage" time="0.424"/>
  <testcase classname="org.exe.TC02_SearchHotelPage" name="validate_SearchHotelPage" time="3.880"/>
  <testcase classname="org.exe.TC02_SearchHotelPage" name="validateBrowserLaunch" time="3.701"/>
  <testcase classname="org.exe.TC02_SearchHotelPage" name="validateLoginCred" time="1.193"/>
  <testcase classname="org.exe.TC02_SearchHotelPage" name="userIsInSearchHotelPage" time="0.147"/>
</testsuite> <!-- org.exe.TC02_SearchHotelPage -->
