<?xml version="1.0" encoding="UTF-8"?>
<!-- Generated by org.testng.reporters.JUnitReportReporter -->
<testsuite hostname="LAPTOP-KEA360UQ" failures="0" tests="8" name="org.exe.TC05_ValidateBookingPage" time="2.200" errors="0" timestamp="24 Jul 2024 04:39:48 GMT">
  <testcase classname="org.exe.TC05_ValidateBookingPage" name="validate_SearchHotelPage" time="0.012"/>
  <testcase classname="org.exe.TC05_ValidateBookingPage" name="validateBrowserLaunch" time="2.018"/>
  <testcase classname="org.exe.TC05_ValidateBookingPage" name="validate_Continue" time="0.020"/>
  <testcase classname="org.exe.TC05_ValidateBookingPage" name="validatePage" time="0.025"/>
  <testcase classname="org.exe.TC05_ValidateBookingPage" name="validateLoginCred" time="0.035"/>
  <testcase classname="org.exe.TC05_ValidateBookingPage" name="validate_Conf" time="0.062"/>
  <testcase classname="org.exe.TC05_ValidateBookingPage" name="check_Overview" time="0.014"/>
  <testcase classname="org.exe.TC05_ValidateBookingPage" name="userIsInSearchHotelPage" time="0.014"/>
</testsuite> <!-- org.exe.TC05_ValidateBookingPage -->
