<?xml version="1.0" encoding="UTF-8"?>
<!-- Generated by org.testng.reporters.JUnitReportReporter -->
<testsuite hostname="LAPTOP-KEA360UQ" failures="0" tests="6" name="org.exe.TC03_ValidateSelectHotelPage" time="11.617" errors="0" timestamp="24 Jul 2024 04:39:48 GMT">
  <testcase classname="org.exe.TC03_ValidateSelectHotelPage" name="validateLoginCred" time="1.176"/>
  <testcase classname="org.exe.TC03_ValidateSelectHotelPage" name="validate_Continue" time="2.859"/>
  <testcase classname="org.exe.TC03_ValidateSelectHotelPage" name="validatePage" time="0.491"/>
  <testcase classname="org.exe.TC03_ValidateSelectHotelPage" name="validateBrowserLaunch" time="3.784"/>
  <testcase classname="org.exe.TC03_ValidateSelectHotelPage" name="userIsInSearchHotelPage" time="0.106"/>
  <testcase classname="org.exe.TC03_ValidateSelectHotelPage" name="validate_SearchHotelPage" time="3.201"/>
</testsuite> <!-- org.exe.TC03_ValidateSelectHotelPage -->
